{
  "RSpec": {
    "coverage": {
      "/home/ec2-user/environment/demo/app/helpers/application_helper.rb": [
        1,
        null
      ],
      "/home/ec2-user/environment/demo/app/helpers/auths_helper.rb": [
        1,
        null
      ],
      "/home/ec2-user/environment/demo/app/helpers/password_resets_helper.rb": [
        1,
        null
      ],
      "/home/ec2-user/environment/demo/app/helpers/reviews_helper.rb": [
        1,
        null
      ],
      "/home/ec2-user/environment/demo/app/helpers/searches_helper.rb": [
        1,
        null
      ],
      "/home/ec2-user/environment/demo/app/helpers/sessions_helper.rb": [
        1,
        null
      ],
      "/home/ec2-user/environment/demo/app/controllers/reviews_controller.rb": [
        1,
        null,
        1,
        0,
        null,
        1,
        2,
        0,
        null,
        2,
        2,
        2,
        null,
        null,
        null,
        1,
        0,
        null,
        null,
        1,
        0,
        0,
        null,
        null,
        1,
        0,
        0,
        0,
        null,
        null,
        1,
        0,
        null,
        null,
        1,
        0,
        0,
        0,
        0,
        0,
        0,
        0,
        null,
        0,
        null,
        0,
        0,
        0,
        null,
        null,
        1,
        0,
        0,
        0,
        0,
        null,
        null,
        1,
        0,
        null,
        null
      ],
      "/home/ec2-user/environment/demo/app/controllers/application_controller.rb": [
        1,
        1,
        1,
        1,
        1,
        0,
        null,
        1,
        0,
        null,
        null
      ],
      "/home/ec2-user/environment/demo/app/controllers/searches_controller.rb": [
        1,
        null,
        1,
        0,
        null,
        null,
        null,
        null,
        1,
        2,
        2,
        1,
        null,
        1,
        1,
        1,
        1,
        null,
        null,
        null,
        1,
        10,
        10,
        0,
        null,
        null,
        10,
        0,
        0,
        0,
        0,
        null,
        null,
        null,
        10,
        3,
        null,
        null,
        null,
        10,
        3,
        null,
        null,
        null,
        10,
        0,
        null,
        10,
        0,
        null,
        10,
        8,
        null,
        2,
        2,
        null,
        10,
        10,
        10,
        null,
        10,
        10,
        10,
        null,
        10,
        7,
        null,
        10,
        null,
        10,
        3,
        3,
        null,
        10,
        5,
        5,
        null,
        5,
        5,
        5,
        5,
        5,
        5,
        5,
        5,
        null,
        null,
        null,
        1,
        1,
        1,
        1,
        1,
        1,
        1,
        1,
        0,
        0,
        null,
        1,
        null,
        null,
        null,
        1,
        2,
        2,
        2,
        6,
        2,
        null,
        4,
        null,
        null,
        2,
        2,
        null,
        null,
        null,
        1,
        2,
        2,
        2,
        2,
        2,
        2,
        2,
        null,
        2,
        null,
        null,
        1,
        5,
        1,
        1,
        null,
        null,
        4,
        1,
        1,
        null,
        null,
        3,
        3,
        1,
        1,
        null,
        2,
        2,
        2,
        2,
        2,
        2,
        2,
        2,
        2,
        null,
        2,
        2,
        2,
        2,
        2,
        2,
        2,
        null,
        null,
        1,
        1,
        1,
        1,
        1,
        1,
        1,
        1,
        1,
        1,
        null,
        0,
        null,
        1,
        null,
        null,
        1,
        0,
        0,
        null,
        null,
        1,
        0,
        0,
        null,
        null,
        null,
        null,
        1,
        null,
        null,
        1,
        3,
        3,
        2,
        2,
        2,
        null,
        1,
        1,
        null,
        null,
        null,
        1,
        3,
        3,
        null,
        null,
        3,
        3,
        null,
        null,
        1,
        2,
        2,
        2,
        2,
        2,
        2,
        2,
        2,
        0,
        0,
        null,
        null,
        2,
        2,
        null,
        null,
        null,
        null,
        null,
        2,
        null,
        null,
        2,
        2,
        null,
        null
      ],
      "/home/ec2-user/environment/demo/app/models/review.rb": [
        1,
        1,
        null,
        1,
        23,
        23,
        null,
        0,
        null,
        23,
        null,
        null,
        null
      ],
      "/home/ec2-user/environment/demo/app/models/application_record.rb": [
        1,
        1,
        null
      ],
      "/home/ec2-user/environment/demo/app/models/auth.rb": [
        1,
        1,
        1,
        0,
        0,
        0,
        0,
        null,
        null,
        1,
        0,
        0,
        null,
        null,
        null
      ],
      "/home/ec2-user/environment/demo/app/models/user.rb": [
        1,
        null,
        1,
        1,
        null,
        1,
        0,
        0,
        0,
        0,
        0,
        0,
        null,
        null,
        null,
        1,
        1,
        null,
        null,
        0,
        null,
        null
      ],
      "/home/ec2-user/environment/demo/app/uploaders/decision_letter_uploader.rb": [
        0,
        null,
        null,
        null,
        null,
        null,
        0,
        null,
        null,
        null,
        null,
        0,
        0,
        0,
        null,
        null,
        null,
        null,
        null,
        null,
        null,
        null,
        null,
        null,
        null,
        null,
        null,
        null,
        null,
        null,
        null,
        null,
        null,
        null,
        null,
        null,
        null,
        null,
        null,
        null,
        null,
        null,
        null,
        null,
        null,
        null,
        0
      ],
      "/home/ec2-user/environment/demo/app/controllers/sessions_controller.rb": [
        0,
        0,
        0,
        null,
        0,
        null,
        0,
        0,
        0,
        0,
        0,
        0,
        0,
        0,
        0,
        0,
        0,
        null,
        0,
        0,
        0,
        0,
        null,
        0
      ],
      "/home/ec2-user/environment/demo/app/controllers/password_resets_controller.rb": [
        0,
        0,
        0,
        0,
        0,
        0,
        0,
        0,
        0,
        null,
        0,
        0,
        0,
        null,
        0,
        0,
        0,
        0,
        0,
        0,
        0,
        0,
        0,
        0,
        0,
        0,
        null,
        0
      ],
      "/home/ec2-user/environment/demo/app/controllers/auths_controller.rb": [
        0,
        0,
        0,
        null,
        0,
        0,
        0,
        0,
        0,
        0,
        0
      ],
      "/home/ec2-user/environment/demo/app/models/search.rb": [
        0,
        0,
        0,
        null,
        null,
        null,
        null,
        null,
        null,
        null,
        null,
        null,
        null,
        null,
        null,
        null,
        null,
        null,
        null,
        null,
        null,
        0,
        null
      ],
      "/home/ec2-user/environment/demo/app/models/mailers/auth_mailer.rb": [
        0,
        0,
        0,
        0,
        0,
        0,
        0
      ],
      "/home/ec2-user/environment/demo/app/models/mailers/application_mailer.rb": [
        0,
        0,
        0,
        0
      ],
      "/home/ec2-user/environment/demo/app/models/login.rb": [
        0,
        0
      ],
      "/home/ec2-user/environment/demo/app/jobs/application_job.rb": [
        0,
        0
      ],
      "/home/ec2-user/environment/demo/app/channels/application_cable/connection.rb": [
        0,
        0,
        0,
        0
      ],
      "/home/ec2-user/environment/demo/app/channels/application_cable/channel.rb": [
        0,
        0,
        0,
        0
      ]
    },
    "timestamp": 1575866612
  }
}
